0001 浦岡 友也(ウラオカ トモヤ)
0002 山村 洋代(ヤマムラ ヒロヨ)
0003 多岡 冬行(タオカ フユユキ)
0004 高田 冬美(タカタ フユミ)
0005 内高 友之(ウチタカ トモユキ)
0006 森尾 正也(モリオ マサヤ)
0007 鈴杉 由樹(スズスギ ヨシキ)
0008 川吉 洋樹(カワヨシ ヒロキ)
0009 村森 友恵(ムラモリ トモエ)
0010 杉岡 友一(スギオカ トモカズ)
0011 川多 由男(カワタ ヨシオ)
0012 杉岡 由樹(スギオカ ヨシキ)
0013 木川 元男(キカワ モトオ)
0014 川木 春一(カワキ ハルカズ)
0015 中多 克也(ナカタ カツヤ)
0016 森村 正恵(モリムラ マサエ)
0017 尾田 雅也(オタ マサヤ)
0018 松中 輝行(マツナカ テルユキ)
0019 野丸 由一(ノマル ヨシカズ)
0020 松野 友之(マツノ トモユキ)
0021 吉村 春一(ヨシムラ ハルカズ)
0022 丸吉 春代(マルヨシ ハルヨ)
0023 松本 洋也(マツモト ヒロヤ)
0024 尾木 輝男(オキ テルオ)
0025 鈴川 春美(スズカワ ハルミ)
0026 原中 元美(ハラナカ モトミ)
0027 浦村 春一(ウラムラ ハルカズ)
0028 森木 和之(モリキ カズユキ)
0029 多田 友行(タタ トモユキ)
0030 浦川 冬代(ウラカワ フユヨ)
0031 岡中 冬之(オカナカ フユユキ)
0032 野尾 春男(ノオ ハルオ)
0033 田杉 洋也(タスギ ヒロヤ)
0034 村高 洋代(ムラタカ ヒロヨ)
0035 本原 正也(モトハラ マサヤ)
0036 浦多 冬代(ウラタ フユヨ)
0037 鈴丸 輝之(スズマル テルユキ)
0038 松高 洋一(マツタカ ヒロカズ)
0039 高松 雅之(タカマツ マサユキ)
0040 安村 克恵(ヤスムラ カツエ)
0041 丸森 雅美(マルモリ マサミ)
0042 中原 冬男(ナカハラ フユオ)
0043 原松 春也(ハラマツ ハルヤ)
0044 村松 冬子(ムラマツ フユコ)
0045 村松 和子(ムラマツ カズコ)
0046 尾内 正樹(オウチ マサキ)
0047 多松 正樹(タマツ マサキ)
0048 浦杉 由美(ウラスギ ヨシミ)
0049 原田 春代(ハラタ ハルヨ)
0050 松丸 正恵(マツマル マサエ)

insert into [社員マスタ] values('0001','浦岡 友也','ウラオカ トモヤ','0003',0,'2022/11/20','2023/02/05',270000,9000,NULL,'2000/01/01');
insert into [社員マスタ] values('0002','山村 洋代','ヤマムラ ヒロヨ','0003',1,'2022/08/25','2022/11/26',300000,NULL,NULL,'2000/01/01');
insert into [社員マスタ] values('0003','多岡 冬行','タオカ フユユキ','0002',0,'2022/10/22','2023/01/22',250000,NULL,NULL,'2000/01/01');
insert into [社員マスタ] values('0004','高田 冬美','タカタ フユミ','0003',1,'2022/08/21','2022/12/13',250000,NULL,NULL,'2000/01/01');
insert into [社員マスタ] values('0005','内高 友之','ウチタカ トモユキ','0003',0,'2022/11/20','2023/01/18',150000,NULL,NULL,'2000/01/01');
insert into [社員マスタ] values('0006','森尾 正也','モリオ マサヤ','0002',0,'2022/10/22','2023/02/24',300000,7000,'0002','2000/01/01');
insert into [社員マスタ] values('0007','鈴杉 由樹','スズスギ ヨシキ','0001',0,'2022/09/19','2022/12/11',170000,NULL,'0003','2000/01/01');
insert into [社員マスタ] values('0008','川吉 洋樹','カワヨシ ヒロキ','0002',0,'2022/10/23','2023/02/21',240000,NULL,'0004','2000/01/01');
insert into [社員マスタ] values('0009','村森 友恵','ムラモリ トモエ','0003',1,'2022/11/19','2023/01/14',290000,NULL,'0003','2000/01/01');
insert into [社員マスタ] values('0010','杉岡 友一','スギオカ トモカズ','0002',0,'2022/10/25','2022/11/26',180000,NULL,'0005','2000/01/01');
insert into [社員マスタ] values('0011','川多 由男','カワタ ヨシオ','0002',0,'2022/10/27','2023/01/23',230000,5000,'0005','2000/01/01');
insert into [社員マスタ] values('0012','杉岡 由樹','スギオカ ヨシキ','0002',0,'2022/09/06','2023/01/20',280000,NULL,'0001','2000/01/01');
insert into [社員マスタ] values('0013','木川 元男','キカワ モトオ','0001',0,'2022/09/28','2023/01/26',230000,NULL,'0005','2000/01/01');
insert into [社員マスタ] values('0014','川木 春一','カワキ ハルカズ','0001',0,'2022/09/11','2023/02/22',230000,NULL,'0001','2000/01/01');
insert into [社員マスタ] values('0015','中多 克也','ナカタ カツヤ','0001',0,'2022/11/12','2023/01/19',160000,NULL,'0005','2000/01/01');
insert into [社員マスタ] values('0016','森村 正恵','モリムラ マサエ','0001',1,'2022/09/14','2022/12/16',150000,5000,'0002','2000/01/01');
insert into [社員マスタ] values('0017','尾田 雅也','オタ マサヤ','0002',0,'2022/11/17','2023/01/08',170000,NULL,'0005','2000/01/01');
insert into [社員マスタ] values('0018','松中 輝行','マツナカ テルユキ','0001',0,'2022/09/18','2023/01/01',300000,NULL,'0001','2000/01/01');
insert into [社員マスタ] values('0019','野丸 由一','ノマル ヨシカズ','0001',0,'2022/08/13','2022/12/04',140000,NULL,'0002','2000/01/01');
insert into [社員マスタ] values('0020','松野 友之','マツノ トモユキ','0003',0,'2022/09/15','2023/02/01',300000,NULL,'0002','2000/01/01');
insert into [社員マスタ] values('0021','吉村 春一','ヨシムラ ハルカズ','0002',0,'2022/08/31','2023/01/14',210000,8000,'0002','2000/01/01');
insert into [社員マスタ] values('0022','丸吉 春代','マルヨシ ハルヨ','0001',1,'2022/10/23','2022/12/06',230000,NULL,'0002','2000/01/01');
insert into [社員マスタ] values('0023','松本 洋也','マツモト ヒロヤ','0003',0,'2022/09/07','2023/01/22',270000,NULL,'0001','2000/01/01');
insert into [社員マスタ] values('0024','尾木 輝男','オキ テルオ','0003',0,'2022/10/14','2023/01/06',160000,NULL,'0001','2000/01/01');
insert into [社員マスタ] values('0025','鈴川 春美','スズカワ ハルミ','0001',1,'2022/10/05','2023/02/04',260000,NULL,'0002','2000/01/01');
insert into [社員マスタ] values('0026','原中 元美','ハラナカ モトミ','0001',1,'2022/10/09','2022/12/31',180000,10000,'0005','2000/01/01');
insert into [社員マスタ] values('0027','浦村 春一','ウラムラ ハルカズ','0002',0,'2022/08/18','2022/12/03',240000,NULL,'0002','2000/01/01');
insert into [社員マスタ] values('0028','森木 和之','モリキ カズユキ','0002',0,'2022/10/03','2023/02/27',170000,NULL,'0002','2000/01/01');
insert into [社員マスタ] values('0029','多田 友行','タタ トモユキ','0003',0,'2022/09/26','2023/02/20',250000,NULL,'0003','2000/01/01');
insert into [社員マスタ] values('0030','浦川 冬代','ウラカワ フユヨ','0001',1,'2022/10/30','2022/12/23',270000,NULL,'0001','2000/01/01');
insert into [社員マスタ] values('0031','岡中 冬之','オカナカ フユユキ','0003',0,'2022/09/14','2023/02/20',280000,7000,'0001','2000/01/01');
insert into [社員マスタ] values('0032','野尾 春男','ノオ ハルオ','0001',0,'2022/11/05','2023/01/11',200000,NULL,'0001','2000/01/01');
insert into [社員マスタ] values('0033','田杉 洋也','タスギ ヒロヤ','0003',0,'2022/10/15','2022/12/23',270000,NULL,'0002','2000/01/01');
insert into [社員マスタ] values('0034','村高 洋代','ムラタカ ヒロヨ','0002',1,'2022/08/27','2023/01/19',290000,NULL,'0003','2000/01/01');
insert into [社員マスタ] values('0035','本原 正也','モトハラ マサヤ','0002',0,'2022/11/21','2023/02/03',280000,NULL,'0002','2000/01/01');
insert into [社員マスタ] values('0036','浦多 冬代','ウラタ フユヨ','0001',1,'2022/10/11','2022/12/25',260000,6000,'0004','2000/01/01');
insert into [社員マスタ] values('0037','鈴丸 輝之','スズマル テルユキ','0001',0,'2022/08/14','2023/01/23',240000,NULL,'0005','2000/01/01');
insert into [社員マスタ] values('0038','松高 洋一','マツタカ ヒロカズ','0003',0,'2022/10/28','2022/12/29',200000,NULL,'0003','2000/01/01');
insert into [社員マスタ] values('0039','高松 雅之','タカマツ マサユキ','0001',0,'2022/09/17','2023/02/19',170000,NULL,'0005','2000/01/01');
insert into [社員マスタ] values('0040','安村 克恵','ヤスムラ カツエ','0002',1,'2022/11/02','2022/12/23',210000,NULL,'0001','2000/01/01');
insert into [社員マスタ] values('0041','丸森 雅美','マルモリ マサミ','0001',1,'2022/08/13','2023/01/07',140000,7000,'0002','2000/01/01');
insert into [社員マスタ] values('0042','中原 冬男','ナカハラ フユオ','0001',0,'2022/11/06','2022/12/29',170000,NULL,'0005','2000/01/01');
insert into [社員マスタ] values('0043','原松 春也','ハラマツ ハルヤ','0001',0,'2022/08/30','2023/02/08',270000,NULL,'0002','2000/01/01');
insert into [社員マスタ] values('0044','村松 冬子','ムラマツ フユコ','0001',1,'2022/10/16','2023/01/17',190000,NULL,'0003','2000/01/01');
insert into [社員マスタ] values('0045','村松 和子','ムラマツ カズコ','0003',1,'2022/08/19','2023/03/01',280000,NULL,'0003','2000/01/01');
insert into [社員マスタ] values('0046','尾内 正樹','オウチ マサキ','0001',0,'2022/10/18','2023/01/29',150000,5000,'0002','2000/01/01');
insert into [社員マスタ] values('0047','多松 正樹','タマツ マサキ','0001',0,'2022/10/15','2022/12/31',280000,NULL,'0003','2000/01/01');
insert into [社員マスタ] values('0048','浦杉 由美','ウラスギ ヨシミ','0002',1,'2022/10/30','2023/01/18',260000,NULL,'0003','2000/01/01');
insert into [社員マスタ] values('0049','原田 春代','ハラタ ハルヨ','0002',1,'2022/11/20','2022/12/20',300000,NULL,'0004','2000/01/01');
insert into [社員マスタ] values('0050','松丸 正恵','マツマル マサエ','0003',1,'2022/11/12','2023/01/14',210000,NULL,'0001','2000/01/01');
update 社員マスタ set 生年月日 = 生年月日 + 社員コード;
